<?xml version="1.0" encoding="UTF-8"?>
<!-- Generated by org.testng.reporters.JUnitXMLReporter -->
<testsuite ignored="1" hostname="Meeras-Think02" failures="0" tests="1" name="Default test" time="4.718" errors="0" timestamp="2025-04-02T12:08:45 EDT">
  <testcase classname="com.w2a.testcases.BMLoginTest" name="loginTest" time="4.666"/>
  <testcase classname="com.w2a.testcases.BaseTest" name="@AfterSuite tearDown" time="0.0">
    <ignored/>
  </testcase> <!-- @AfterSuite tearDown -->
</testsuite> <!-- Default test -->
