<?xml version="1.0" encoding="UTF-8"?>
<testsuite xmlns:xsi="http://www.w3.org/2001/XMLSchema-instance" xsi:noNamespaceSchemaLocation="https://maven.apache.org/surefire/maven-surefire-plugin/xsd/surefire-test-report-3.0.xsd" version="3.0" name="TestSuite" time="90.203" tests="9" errors="0" skipped="0" failures="0">
  <properties>
[...]
</properties>
  <testcase name="bmloginTest" classname="com.w2a.testcases.BMLoginTest" time="8.125">
    <system-err><![CDATA[Apr 03, 2025 12:22:34 P.M. org.openqa.selenium.devtools.CdpVersionFinder findNearestMatch
WARNING: Unable to find an exact match for CDP version 135, returning the closest version; found: 134; Please update to a Selenium version that supports CDP version 135
]]></system-err>
  </testcase>
  <testcase name="addCustomerTest[{postalcode=l5n3k9, lastname=iyer, firstname=Gattu, alertText=Customer added successfully}](1)" classname="com.w2a.testcases.AddCustomerTest" time="1.496">
    <system-out><![CDATA[Customer added successfully with customer id :6
Customer added Successfully
]]></system-out>
  </testcase>
  <testcase name="openAccountTest[{custname=Gattu iyer, currency=Rupee, alertText=Account created successfully}](1)" classname="com.w2a.testcases.OpenAccountTest" time="4.744">
    <system-out><![CDATA[Account created successfully
]]></system-out>
  </testcase>
  <testcase name="customersTest[{custname=Gattu}](1)" classname="com.w2a.testcases.CustomersTest" time="2.089">
    <system-out><![CDATA[Gattu is found in the table.
]]></system-out>
  </testcase>
  <testcase name="goToCustLoginTest" classname="com.w2a.testcases.GoToCustLoginTest" time="0.107"/>
  <testcase name="customerLoginTest[{custname=Gattu iyer}](1)" classname="com.w2a.testcases.CustomerLoginTest" time="6.371">
    <system-out><![CDATA[Gattu iyer
]]></system-out>
  </testcase>
  <testcase name="depositTest[{depositamt=500.0}](1)" classname="com.w2a.testcases.DepositTest" time="12.679">
    <system-out><![CDATA[Deposit is successful
]]></system-out>
  </testcase>
  <testcase name="withdrawTest[{withdrawamt=100.0}](1)" classname="com.w2a.testcases.WithdrawTest" time="15.263">
    <system-out><![CDATA[Account Number : 1016 , Balance : 500 , Currency : Rupee
Withdrawl is unsuccessful
]]></system-out>
  </testcase>
  <testcase name="transactionTest[{depositamt=500.0, withdrawamt=100.0}](1)" classname="com.w2a.testcases.TransactionTest" time="3.136">
    <system-out><![CDATA[

500.0 is not in the table.
100.0 is not in the table.
Account Number : 1016 , Balance : 600 , Currency : Rupee
Reset is success
]]></system-out>
  </testcase>
</testsuite>