<?xml version="1.0" encoding="UTF-8"?>
<testng-results ignored="0" total="1" passed="1" failed="0" skipped="0">
  <reporter-output>
  </reporter-output>
  <suite started-at="2025-04-02T14:53:55 EDT" name="Page Object Model" finished-at="2025-04-02T14:54:02 EDT" duration-ms="6861">
    <groups>
    </groups>
    <test started-at="2025-04-02T14:53:55 EDT" name="BMLoginTest" finished-at="2025-04-02T14:54:02 EDT" duration-ms="6861">
      <class name="com.w2a.testcases.BMLoginTest">
        <test-method signature="loginTest()[pri:0, instance:com.w2a.testcases.BMLoginTest@41294f8]" started-at="2025-04-02T14:53:56 EDT" name="loginTest" finished-at="2025-04-02T14:54:02 EDT" duration-ms="6808" status="PASS">
          <reporter-output>
          </reporter-output>
        </test-method> <!-- loginTest -->
        <test-method is-config="true" signature="tearDown()[pri:0, instance:com.w2a.testcases.BMLoginTest@41294f8]" started-at="2025-04-02T14:54:03 EDT" name="tearDown" finished-at="2025-04-02T14:54:03 EDT" duration-ms="223" status="PASS">
          <reporter-output>
          </reporter-output>
        </test-method> <!-- tearDown -->
      </class> <!-- com.w2a.testcases.BMLoginTest -->
    </test> <!-- BMLoginTest -->
  </suite> <!-- Page Object Model -->
</testng-results>
